<?xml version="1.0" encoding="UTF-8"?>
<testsuite name="Scenario: The user can search by using the suggestions and go to the selected page" tests="9" skipped="2" failures="2" errors="0" timestamp="2020-07-19T20:28:32" hostname="DESKTOP-GM3SB35" time="7.923">
  <properties/>
  <testcase name="Given Im on the homepage" classname="Scenario: The user can search by using the suggestions and go to the selected page" time="0.0"/>
  <testcase name="When I type 'The name of the w' into the search field" classname="Scenario: The user can search by using the suggestions and go to the selected page" time="0.001"/>
  <testcase name="And the suggestions list is displayed" classname="Scenario: The user can search by using the suggestions and go to the selected page" time="0.0"/>
  <testcase name="And I click on the first suggestion in the list" classname="Scenario: The user can search by using the suggestions and go to the selected page" time="0.0"/>
  <testcase name="Then I go to the search results page" classname="Scenario: The user can search by using the suggestions and go to the selected page" time="0.0"/>
  <testcase name="And the first result is 'The Name of the Wind - Patrick Rothfuss'" classname="Scenario: The user can search by using the suggestions and go to the selected page" time="0.0">
    <failure message="org.junit.ComparisonFailure: the result was 'El nombre del viento - Wikipedia, la enciclopedia libre' but the expected is 'The Name of the Wind - Patrick Rothfuss'. expected:&lt;[El nombre del viento - Wikipedia, la enciclopedia libre]&gt; but was:&lt;[The Name of the Wind - Patrick Rothfuss]&gt;" type="org.junit.ComparisonFailure">org.junit.ComparisonFailure: the result was 'El nombre del viento - Wikipedia, la enciclopedia libre' but the expected is 'The Name of the Wind - Patrick Rothfuss'. expected:&lt;[El nombre del viento - Wikipedia, la enciclopedia libre]&gt; but was:&lt;[The Name of the Wind - Patrick Rothfuss]&gt;
	at org.junit.Assert.assertEquals(Assert.java:115)
	at com.google.googleTest.controllers.BusinessController.checkSpecificSearchResult(BusinessController.java:102)
	at com.google.googleTest.steps.StepDefinition.theFirstResultIsTheNameOfTheWindPatrickRothfuss(StepDefinition.java:72)
	at ✽.And the first result is 'The Name of the Wind - Patrick Rothfuss'(GoogleSearch.feature:28)
</failure>
  </testcase>
  <testcase name="When I click on the first result link" classname="Scenario: The user can search by using the suggestions and go to the selected page" time="0.0">
    <skipped/>
  </testcase>
  <testcase name="Then I go to the 'Patrick Rothfuss - The Books' page" classname="Scenario: The user can search by using the suggestions and go to the selected page" time="0.001">
    <skipped/>
  </testcase>
  <testcase name="classMethod" classname="Scenario: The user can search by using the suggestions and go to the selected page" time="12.72">
    <failure message="org.junit.ComparisonFailure: the result was 'El nombre del viento - Wikipedia, la enciclopedia libre' but the expected is 'The Name of the Wind - Patrick Rothfuss'. expected:&lt;[El nombre del viento - Wikipedia, la enciclopedia libre]&gt; but was:&lt;[The Name of the Wind - Patrick Rothfuss]&gt;" type="org.junit.ComparisonFailure">org.junit.ComparisonFailure: the result was 'El nombre del viento - Wikipedia, la enciclopedia libre' but the expected is 'The Name of the Wind - Patrick Rothfuss'. expected:&lt;[El nombre del viento - Wikipedia, la enciclopedia libre]&gt; but was:&lt;[The Name of the Wind - Patrick Rothfuss]&gt;
	at org.junit.Assert.assertEquals(Assert.java:115)
	at com.google.googleTest.controllers.BusinessController.checkSpecificSearchResult(BusinessController.java:102)
	at com.google.googleTest.steps.StepDefinition.theFirstResultIsTheNameOfTheWindPatrickRothfuss(StepDefinition.java:72)
	at ✽.And the first result is 'The Name of the Wind - Patrick Rothfuss'(GoogleSearch.feature:28)
</failure>
  </testcase>
  <system-out><![CDATA[2020-Jul-19 15:28:27 [Test] INFO  : Test start
2020-Jul-19 15:28:27 [Test] INFO  : Scenario: The user can search by using the suggestions and go to the selected page
2020-Jul-19 15:28:27 [Test] INFO  : Feature: Search in google home page

  @TechTest
  Scenario: User can search by using the suggestions                  ?[90m# GoogleSearch.feature:12?[0m
    ?[32mGiven ?[0m?[32mIm on the homepage?[0m                                          ?[90m# StepDefinition.iMOnTheHomepage()?[0m
    ?[32mWhen ?[0m?[32mI type 'The name of the w' into the search field?[0m             ?[90m# StepDefinition.iTypeTheNameOfTheWIntoTheSearchField()?[0m
    ?[32mAnd ?[0m?[32mthe suggestions list is displayed?[0m                             ?[90m# StepDefinition.theSuggestionsListIsDisplayed()?[0m
    ?[32mAnd ?[0m?[32mI click on the first suggestion in the list?[0m                   ?[90m# StepDefinition.iClickOnTheFirstSuggestionInTheList()?[0m
    ?[32mThen ?[0m?[32mI go to the search results page?[0m                              ?[90m# StepDefinition.iGoToTheSearchResultsPage()?[0m
    ?[31mAnd ?[0m?[31mthe first result is 'The Name of the Wind - Patrick Rothfuss'?[0m ?[90m# StepDefinition.theFirstResultIsTheNameOfTheWindPatrickRothfuss()?[0m
      ?[31morg.junit.ComparisonFailure: the result was 'El nombre del viento - Wikipedia, la enciclopedia libre' but the expected is 'The Name of the Wind - Patrick Rothfuss'. expected:<[El nombre del viento - Wikipedia, la enciclopedia libre]> but was:<[The Name of the Wind - Patrick Rothfuss]>
      	at org.junit.Assert.assertEquals(Assert.java:115)
      	at com.google.googleTest.controllers.BusinessController.checkSpecificSearchResult(BusinessController.java:102)
      	at com.google.googleTest.steps.StepDefinition.theFirstResultIsTheNameOfTheWindPatrickRothfuss(StepDefinition.java:72)
      	at ?.And the first result is 'The Name of the Wind - Patrick Rothfuss'(GoogleSearch.feature:18)
      ?[0m
2020-Jul-19 15:28:27 [Test] INFO  :  Operation: Go to google home page
2020-Jul-19 15:28:31 [Test] INFO  : Driver selected: 'Chrome'. The browser opened the following url: 'http://www.google.com'.
2020-Jul-19 15:28:32 [Test] INFO  : The element 'google search button' was visible. Screenshot taken: true
2020-Jul-19 15:28:32 [Test] INFO  : - Operation completed -

]]></system-out>
  <system-err><![CDATA[Starting ChromeDriver 83.0.4103.39 (ccbf011cb2d2b19b506d844400483861342c20cd-refs/branch-heads/4103@{#416}) on port 2655
Only local connections are allowed.
Please see https://chromedriver.chromium.org/security-considerations for suggestions on keeping ChromeDriver safe.
ChromeDriver was started successfully.
Jul 19, 2020 3:28:30 PM org.openqa.selenium.remote.ProtocolHandshake createSession
INFO: Detected dialect: W3C
]]></system-err>
</testsuite>
